"../../../Engine/Content/EditorResources/S_Actor.ubulk" 0
"../../../Engine/Content/EditorResources/S_Actor.uasset" 1
"../../../Engine/Content/EditorResources/S_Actor.uexp" 2
"../../../Engine/Content/EditorResources/S_BoxReflectionCapture.uasset" 3
"../../../Engine/Content/EditorResources/S_BoxReflectionCapture.uexp" 4
"../../../Engine/Content/EngineResources/DefaultTexture.ubulk" 5
"../../../Engine/Content/EngineResources/DefaultTexture.uasset" 6
"../../../Engine/Content/EngineResources/DefaultTexture.uexp" 7
"../../../Engine/Content/EngineResources/DefaultTextureCube.uasset" 8
"../../../Engine/Content/EngineResources/DefaultTextureCube.uexp" 9
"../../../Engine/Content/EngineResources/DefaultVolumeTexture2D.uasset" 10
"../../../Engine/Content/EngineResources/DefaultVolumeTexture2D.uexp" 11
"../../../Engine/Content/EngineResources/DefaultVolumeTexture.uasset" 12
"../../../Engine/Content/EngineResources/DefaultVolumeTexture.uexp" 13
"../../../Engine/Content/EditorResources/S_Trigger.ubulk" 14
"../../../Engine/Content/EditorResources/S_Trigger.uasset" 15
"../../../Engine/Content/EditorResources/S_Trigger.uexp" 16
"../../../Engine/Content/EditorResources/S_TriggerBox.uasset" 17
"../../../Engine/Content/EditorResources/S_TriggerBox.uexp" 18
"../../../Engine/Content/EditorResources/S_TriggerCapsule.uasset" 19
"../../../Engine/Content/EditorResources/S_TriggerCapsule.uexp" 20
"../../../Engine/Content/EditorResources/S_TriggerSphere.uasset" 21
"../../../Engine/Content/EditorResources/S_TriggerSphere.uexp" 22
"../../../Engine/Content/EngineMeshes/Sphere.uasset" 23
"../../../Engine/Content/EngineMeshes/Sphere.uexp" 24
"../../../Engine/Content/EngineResources/GradientTexture0.uasset" 25
"../../../Engine/Content/EngineResources/GradientTexture0.uexp" 26
"../../../Engine/Content/EngineResources/Black.uasset" 27
"../../../Engine/Content/EngineResources/Black.uexp" 28
"../../../Engine/Content/VREditor/LaserPointer/VR_LaserPower_01.ubulk" 29
"../../../Engine/Content/VREditor/LaserPointer/VR_LaserPower_01.uasset" 30
"../../../Engine/Content/VREditor/LaserPointer/VR_LaserPower_01.uexp" 31
"../../../Engine/Content/VREditor/TransformGizmo/TransformGizmoMaterial.uasset" 32
"../../../Engine/Content/VREditor/TransformGizmo/TransformGizmoMaterial.uexp" 33
"../../../Engine/Content/VREditor/TransformGizmo/TranslucentTransformGizmoMaterial.uasset" 34
"../../../Engine/Content/VREditor/TransformGizmo/TranslucentTransformGizmoMaterial.uexp" 35
"../../../Engine/Content/VREditor/TransformGizmo/PlaneTranslationHandle.uasset" 36
"../../../Engine/Content/VREditor/TransformGizmo/PlaneTranslationHandle.uexp" 37
"../../../Engine/Content/VREditor/TransformGizmo/BoundingBoxCorner.uasset" 38
"../../../Engine/Content/VREditor/TransformGizmo/BoundingBoxCorner.uexp" 39
"../../../Engine/Content/VREditor/TransformGizmo/BoundingBoxEdge.uasset" 40
"../../../Engine/Content/VREditor/TransformGizmo/BoundingBoxEdge.uexp" 41
"../../../Engine/Content/VREditor/TransformGizmo/Main.uasset" 42
"../../../Engine/Content/VREditor/TransformGizmo/Main.uexp" 43
"../../../Engine/Content/VREditor/TransformGizmo/Xray.uasset" 44
"../../../Engine/Content/VREditor/TransformGizmo/Xray.uexp" 45
"../../../Engine/Content/VREditor/TransformGizmo/SM_Sequencer_Node.uasset" 46
"../../../Engine/Content/VREditor/TransformGizmo/SM_Sequencer_Node.uexp" 47
"../../../Engine/Content/EditorMaterials/Camera/CineMat.uasset" 48
"../../../Engine/Content/EditorMaterials/Camera/CineMat.uexp" 49
"../../../Engine/Content/EditorMaterials/Camera/MI_CineMat_Rig.uasset" 50
"../../../Engine/Content/EditorMaterials/Camera/MI_CineMat_Rig.uexp" 51
"../../../Engine/Content/EditorMeshes/Camera/SM_CraneRig_Base.uasset" 52
"../../../Engine/Content/EditorMeshes/Camera/SM_CraneRig_Base.uexp" 53
"../../../Engine/Content/EditorMeshes/Camera/SM_CraneRig_Arm.uasset" 54
"../../../Engine/Content/EditorMeshes/Camera/SM_CraneRig_Arm.uexp" 55
"../../../Engine/Content/EditorMeshes/Camera/SM_CraneRig_Mount.uasset" 56
"../../../Engine/Content/EditorMeshes/Camera/SM_CraneRig_Mount.uexp" 57
"../../../Engine/Content/EditorMeshes/Camera/SM_CraneRig_Body.uasset" 58
"../../../Engine/Content/EditorMeshes/Camera/SM_CraneRig_Body.uexp" 59
"../../../Engine/Content/EditorMeshes/Camera/SM_RailRig_Track.uasset" 60
"../../../Engine/Content/EditorMeshes/Camera/SM_RailRig_Track.uexp" 61
"../../../Engine/Content/EditorMeshes/Camera/SM_RailRig_Mount.uasset" 62
"../../../Engine/Content/EditorMeshes/Camera/SM_RailRig_Mount.uexp" 63
"../../../Engine/Content/EngineMaterials/T_Default_Material_Grid_M.ubulk" 64
"../../../Engine/Content/EngineMaterials/T_Default_Material_Grid_M.uasset" 65
"../../../Engine/Content/EngineMaterials/T_Default_Material_Grid_M.uexp" 66
"../../../Engine/Content/EngineMaterials/T_Default_Material_Grid_N.ubulk" 67
"../../../Engine/Content/EngineMaterials/T_Default_Material_Grid_N.uasset" 68
"../../../Engine/Content/EngineMaterials/T_Default_Material_Grid_N.uexp" 69
"../../../Engine/Content/Functions/Engine_MaterialFunctions01/Opacity/CameraDepthFade.uasset" 70
"../../../Engine/Content/Functions/Engine_MaterialFunctions01/Opacity/CameraDepthFade.uexp" 71
"../../../Engine/Content/EngineMaterials/WorldGridMaterial.uasset" 72
"../../../Engine/Content/EngineMaterials/WorldGridMaterial.uexp" 73
"../../../Engine/Content/ArtTools/RenderToTexture/Meshes/S_1_Unit_Plane.uasset" 74
"../../../Engine/Content/ArtTools/RenderToTexture/Meshes/S_1_Unit_Plane.uexp" 75
"../../../Engine/Content/EditorMaterials/ParticleSystems/PSysThumbnail_NoImage.ubulk" 76
"../../../Engine/Content/EditorMaterials/ParticleSystems/PSysThumbnail_NoImage.uasset" 77
"../../../Engine/Content/EditorMaterials/ParticleSystems/PSysThumbnail_NoImage.uexp" 78
"../../../Engine/Content/EditorMaterials/ParticleSystems/PSysThumbnail_OOD.ubulk" 79
"../../../Engine/Content/EditorMaterials/ParticleSystems/PSysThumbnail_OOD.uasset" 80
"../../../Engine/Content/EditorMaterials/ParticleSystems/PSysThumbnail_OOD.uexp" 81
"../../../Engine/Content/EditorLandscapeResources/SplineEditorMeshMat.uasset" 82
"../../../Engine/Content/EditorLandscapeResources/SplineEditorMeshMat.uexp" 83
"../../../Engine/Content/EditorLandscapeResources/SplineEditorMesh.uasset" 84
"../../../Engine/Content/EditorLandscapeResources/SplineEditorMesh.uexp" 85
"../../../Engine/Content/EditorResources/S_Solver.ubulk" 86
"../../../Engine/Content/EditorResources/S_Solver.uasset" 87
"../../../Engine/Content/EditorResources/S_Solver.uexp" 88
"../../../Engine/Plugins/Media/MediaPlate/Content/SM_MediaPlateScreen.uasset" 89
"../../../Engine/Plugins/Media/MediaPlate/Content/SM_MediaPlateScreen.uexp" 90
"../../../Engine/Content/EngineMaterials/Good64x64TilingNoiseHighFreq.uasset" 91
"../../../Engine/Content/EngineMaterials/Good64x64TilingNoiseHighFreq.uexp" 92
"../../../Engine/Content/EngineMaterials/DefaultBokeh.uasset" 93
"../../../Engine/Content/EngineMaterials/DefaultBokeh.uexp" 94
"../../../Engine/Content/EngineMaterials/PreintegratedSkinBRDF.uasset" 95
"../../../Engine/Content/EngineMaterials/PreintegratedSkinBRDF.uexp" 96
"../../../Engine/Content/EngineMaterials/MiniFont.uasset" 97
"../../../Engine/Content/EngineMaterials/MiniFont.uexp" 98
"../../../Engine/Content/EngineMaterials/WeightMapPlaceholderTexture.uasset" 99
"../../../Engine/Content/EngineMaterials/WeightMapPlaceholderTexture.uexp" 100
"../../../Engine/Content/EngineMaterials/DefaultWhiteGrid.ubulk" 101
"../../../Engine/Content/EngineMaterials/DefaultWhiteGrid.uasset" 102
"../../../Engine/Content/EngineMaterials/DefaultWhiteGrid.uexp" 103
"../../../Engine/Plugins/2D/Paper2D/Content/PlaceholderTextures/DummySpriteTexture.ubulk" 104
"../../../Engine/Plugins/2D/Paper2D/Content/PlaceholderTextures/DummySpriteTexture.uasset" 105
"../../../Engine/Plugins/2D/Paper2D/Content/PlaceholderTextures/DummySpriteTexture.uexp" 106
"../../../Engine/Plugins/2D/Paper2D/Content/DefaultSpriteMaterial.uasset" 107
"../../../Engine/Plugins/2D/Paper2D/Content/DefaultSpriteMaterial.uexp" 108
"../../../Engine/Plugins/2D/Paper2D/Content/OpaqueUnlitSpriteMaterial.uasset" 109
"../../../Engine/Plugins/2D/Paper2D/Content/OpaqueUnlitSpriteMaterial.uexp" 110
"../../../Engine/Plugins/2D/Paper2D/Content/MaskedUnlitSpriteMaterial.uasset" 111
"../../../Engine/Plugins/2D/Paper2D/Content/MaskedUnlitSpriteMaterial.uexp" 112
"../../../Engine/Plugins/2D/Paper2D/Content/DummySprite.uasset" 113
"../../../Engine/Plugins/2D/Paper2D/Content/DummySprite.uexp" 114
"../../../Engine/Plugins/2D/Paper2D/Content/DefaultPaperTerrainMaterial.uasset" 115
"../../../Engine/Plugins/2D/Paper2D/Content/DefaultPaperTerrainMaterial.uexp" 116
"../../../Engine/Content/Functions/Engine_MaterialFunctions02/WorldPositionOffset/CameraOffset.uasset" 117
"../../../Engine/Content/Functions/Engine_MaterialFunctions02/WorldPositionOffset/CameraOffset.uexp" 118
"../../../Engine/Plugins/Animation/ControlRig/Content/M_Manip.uasset" 119
"../../../Engine/Plugins/Animation/ControlRig/Content/M_Manip.uexp" 120
"../../../Engine/Content/Animation/DefaultRecorderBoneCompression.uasset" 121
"../../../Engine/Content/Animation/DefaultRecorderBoneCompression.uexp" 122
"../../../Engine/Content/Animation/DefaultAnimCurveCompressionSettings.uasset" 123
"../../../Engine/Content/Animation/DefaultAnimCurveCompressionSettings.uexp" 124
"../../../Engine/Content/Animation/DefaultAnimBoneCompressionSettings.uasset" 125
"../../../Engine/Content/Animation/DefaultAnimBoneCompressionSettings.uexp" 126
"../../../Engine/Plugins/Runtime/MeshModelingToolset/Content/Materials/M_DynamicMeshComponentVtxColor.uasset" 127
"../../../Engine/Plugins/Runtime/MeshModelingToolset/Content/Materials/M_DynamicMeshComponentVtxColor.uexp" 128
"../../../Engine/Plugins/Interchange/Runtime/Content/Pipelines/DefaultTexturePipeline.uasset" 129
"../../../Engine/Plugins/Interchange/Runtime/Content/Pipelines/DefaultTexturePipeline.uexp" 130
"../../../Engine/Plugins/Interchange/Runtime/Content/Pipelines/DefaultSceneLevelPipeline.uasset" 131
"../../../Engine/Plugins/Interchange/Runtime/Content/Pipelines/DefaultSceneLevelPipeline.uexp" 132
"../../../Engine/Plugins/Interchange/Runtime/Content/Pipelines/DefaultSceneAssetsPipeline.uasset" 133
"../../../Engine/Plugins/Interchange/Runtime/Content/Pipelines/DefaultSceneAssetsPipeline.uexp" 134
"../../../Engine/Plugins/Interchange/Runtime/Content/Pipelines/DefaultMaterialPipeline.uasset" 135
"../../../Engine/Plugins/Interchange/Runtime/Content/Pipelines/DefaultMaterialPipeline.uexp" 136
"../../../Engine/Plugins/Interchange/Runtime/Content/Pipelines/DefaultAssetsPipeline.uasset" 137
"../../../Engine/Plugins/Interchange/Runtime/Content/Pipelines/DefaultAssetsPipeline.uexp" 138
"../../../Engine/Plugins/Editor/SpeedTreeImporter/Content/SpeedTree9/game_wind_noise.ubulk" 139
"../../../Engine/Plugins/Editor/SpeedTreeImporter/Content/SpeedTree9/game_wind_noise.uasset" 140
"../../../Engine/Plugins/Editor/SpeedTreeImporter/Content/SpeedTree9/game_wind_noise.uexp" 141
"../../../Engine/Plugins/Editor/SpeedTreeImporter/Content/SpeedTree9/UnpackDirection.uasset" 142
"../../../Engine/Plugins/Editor/SpeedTreeImporter/Content/SpeedTree9/UnpackDirection.uexp" 143
"../../../Engine/Content/Functions/Engine_MaterialFunctions02/ObjectLocalBounds.uasset" 144
"../../../Engine/Content/Functions/Engine_MaterialFunctions02/ObjectLocalBounds.uexp" 145
"../../../Engine/Content/Functions/Engine_MaterialFunctions02/Utility/BreakOutFloat3Components.uasset" 146
"../../../Engine/Content/Functions/Engine_MaterialFunctions02/Utility/BreakOutFloat3Components.uexp" 147
"../../../Engine/Content/Functions/Engine_MaterialFunctions02/UVs/BoundingBoxBased_0-1_UVW.uasset" 148
"../../../Engine/Content/Functions/Engine_MaterialFunctions02/UVs/BoundingBoxBased_0-1_UVW.uexp" 149
"../../../Engine/Content/Functions/Engine_MaterialFunctions02/Utility/VectorLength.uasset" 150
"../../../Engine/Content/Functions/Engine_MaterialFunctions02/Utility/VectorLength.uexp" 151
"../../../Engine/Plugins/Editor/SpeedTreeImporter/Content/SpeedTree9/UnpackInteger3.uasset" 152
"../../../Engine/Plugins/Editor/SpeedTreeImporter/Content/SpeedTree9/UnpackInteger3.uexp" 153
"../../../Engine/Plugins/Editor/SpeedTreeImporter/Content/SpeedTree9/SpeedTreeCameraFacing.uasset" 154
"../../../Engine/Plugins/Editor/SpeedTreeImporter/Content/SpeedTree9/SpeedTreeCameraFacing.uexp" 155
"../../../Engine/Content/Functions/Engine_MaterialFunctions02/WorldPositionOffset/ObjectScale.uasset" 156
"../../../Engine/Content/Functions/Engine_MaterialFunctions02/WorldPositionOffset/ObjectScale.uexp" 157
"../../../Engine/Content/Functions/Engine_MaterialFunctions02/SafeNormalize.uasset" 158
"../../../Engine/Content/Functions/Engine_MaterialFunctions02/SafeNormalize.uexp" 159
"../../../Engine/Plugins/Editor/SpeedTreeImporter/Content/SpeedTree9/SpeedTreeWindMotion.uasset" 160
"../../../Engine/Plugins/Editor/SpeedTreeImporter/Content/SpeedTree9/SpeedTreeWindMotion.uexp" 161
"../../../Engine/Plugins/Editor/SpeedTreeImporter/Content/SpeedTree9/SpeedTreeBranchMotion.uasset" 162
"../../../Engine/Plugins/Editor/SpeedTreeImporter/Content/SpeedTree9/SpeedTreeBranchMotion.uexp" 163
"../../../Engine/Plugins/Editor/SpeedTreeImporter/Content/SpeedTree9/SpeedTreeWind.uasset" 164
"../../../Engine/Plugins/Editor/SpeedTreeImporter/Content/SpeedTree9/SpeedTreeWind.uexp" 165
"../../../Engine/Plugins/Editor/SpeedTreeImporter/Content/SpeedTree9/EmptyNormal.uasset" 166
"../../../Engine/Plugins/Editor/SpeedTreeImporter/Content/SpeedTree9/EmptyNormal.uexp" 167
"../../../Engine/Plugins/Editor/SpeedTreeImporter/Content/SpeedTree9/Empty.uasset" 168
"../../../Engine/Plugins/Editor/SpeedTreeImporter/Content/SpeedTree9/Empty.uexp" 169
"../../../Engine/Plugins/Editor/SpeedTreeImporter/Content/SpeedTree9/SpeedTreeMaster.uasset" 170
"../../../Engine/Plugins/Editor/SpeedTreeImporter/Content/SpeedTree9/SpeedTreeMaster.uexp" 171
"../../../Engine/Plugins/Editor/SpeedTreeImporter/Content/SpeedTree9/SpeedTreeBillboard.uasset" 172
"../../../Engine/Plugins/Editor/SpeedTreeImporter/Content/SpeedTree9/SpeedTreeBillboard.uexp" 173
"../../../Engine/Plugins/Editor/SpeedTreeImporter/Content/SpeedTree9/SpeedTreeBillboardMaster.uasset" 174
"../../../Engine/Plugins/Editor/SpeedTreeImporter/Content/SpeedTree9/SpeedTreeBillboardMaster.uexp" 175
"../../../Engine/Plugins/Animation/ControlRig/Content/Controls/DefaultGizmoLibraryNormalized.uasset" 176
"../../../Engine/Plugins/Animation/ControlRig/Content/Controls/DefaultGizmoLibraryNormalized.uexp" 177
"../../../Engine/Plugins/Animation/ControlRig/Content/Controls/ControlRig_Wedge_solid.uasset" 178
"../../../Engine/Plugins/Animation/ControlRig/Content/Controls/ControlRig_Wedge_solid.uexp" 179
"../../../Engine/Plugins/Animation/ControlRig/Content/Controls/ControlRig_Wedge_3mm.uasset" 180
"../../../Engine/Plugins/Animation/ControlRig/Content/Controls/ControlRig_Wedge_3mm.uexp" 181
"../../../Engine/Plugins/Animation/ControlRig/Content/Controls/ControlRig_Wedge_1mm.uasset" 182
"../../../Engine/Plugins/Animation/ControlRig/Content/Controls/ControlRig_Wedge_1mm.uexp" 183
"../../../Engine/Plugins/Animation/ControlRig/Content/Controls/ControlRig_Triangle_solid.uasset" 184
"../../../Engine/Plugins/Animation/ControlRig/Content/Controls/ControlRig_Triangle_solid.uexp" 185
"../../../Engine/Plugins/Animation/ControlRig/Content/Controls/ControlRig_Triangle_3mm.uasset" 186
"../../../Engine/Plugins/Animation/ControlRig/Content/Controls/ControlRig_Triangle_3mm.uexp" 187
"../../../Engine/Plugins/Animation/ControlRig/Content/Controls/ControlRig_Triangle_1mm.uasset" 188
"../../../Engine/Plugins/Animation/ControlRig/Content/Controls/ControlRig_Triangle_1mm.uexp" 189
"../../../Engine/Plugins/Animation/ControlRig/Content/Controls/ControlRig_Star4_solid.uasset" 190
"../../../Engine/Plugins/Animation/ControlRig/Content/Controls/ControlRig_Star4_solid.uexp" 191
"../../../Engine/Plugins/Animation/ControlRig/Content/Controls/ControlRig_Star4_3mm.uasset" 192
"../../../Engine/Plugins/Animation/ControlRig/Content/Controls/ControlRig_Star4_3mm.uexp" 193
"../../../Engine/Plugins/Animation/ControlRig/Content/Controls/ControlRig_Star4_1mm.uasset" 194
"../../../Engine/Plugins/Animation/ControlRig/Content/Controls/ControlRig_Star4_1mm.uexp" 195
"../../../Engine/Plugins/Animation/ControlRig/Content/Controls/ControlRig_Square_solid.uasset" 196
"../../../Engine/Plugins/Animation/ControlRig/Content/Controls/ControlRig_Square_solid.uexp" 197
"../../../Engine/Plugins/Animation/ControlRig/Content/Controls/ControlRig_Square_3mm.uasset" 198
"../../../Engine/Plugins/Animation/ControlRig/Content/Controls/ControlRig_Square_3mm.uexp" 199
"../../../Engine/Plugins/Animation/ControlRig/Content/Controls/ControlRig_Square_1mm.uasset" 200
"../../../Engine/Plugins/Animation/ControlRig/Content/Controls/ControlRig_Square_1mm.uexp" 201
"../../../Engine/Plugins/Animation/ControlRig/Content/Controls/ControlRig_Sphere_solid.uasset" 202
"../../../Engine/Plugins/Animation/ControlRig/Content/Controls/ControlRig_Sphere_solid.uexp" 203
"../../../Engine/Plugins/Animation/ControlRig/Content/Controls/ControlRig_Sphere_3mm.uasset" 204
"../../../Engine/Plugins/Animation/ControlRig/Content/Controls/ControlRig_Sphere_3mm.uexp" 205
"../../../Engine/Plugins/Animation/ControlRig/Content/Controls/ControlRig_Sphere_1mm.uasset" 206
"../../../Engine/Plugins/Animation/ControlRig/Content/Controls/ControlRig_Sphere_1mm.uexp" 207
"../../../Engine/Plugins/Animation/ControlRig/Content/Controls/ControlRig_RoundedTriangle_solid.uasset" 208
"../../../Engine/Plugins/Animation/ControlRig/Content/Controls/ControlRig_RoundedTriangle_solid.uexp" 209
"../../../Engine/Plugins/Animation/ControlRig/Content/Controls/ControlRig_RoundedTriangle_3mm.uasset" 210
"../../../Engine/Plugins/Animation/ControlRig/Content/Controls/ControlRig_RoundedTriangle_3mm.uexp" 211
"../../../Engine/Plugins/Animation/ControlRig/Content/Controls/ControlRig_RoundedTriangle_1mm.uasset" 212
"../../../Engine/Plugins/Animation/ControlRig/Content/Controls/ControlRig_RoundedTriangle_1mm.uexp" 213
"../../../Engine/Plugins/Animation/ControlRig/Content/Controls/ControlRig_RoundedSquare_solid.uasset" 214
"../../../Engine/Plugins/Animation/ControlRig/Content/Controls/ControlRig_RoundedSquare_solid.uexp" 215
"../../../Engine/Plugins/Animation/ControlRig/Content/Controls/ControlRig_RoundedSquare_3mm.uasset" 216
"../../../Engine/Plugins/Animation/ControlRig/Content/Controls/ControlRig_RoundedSquare_3mm.uexp" 217
"../../../Engine/Plugins/Animation/ControlRig/Content/Controls/ControlRig_RoundedSquare_1mm.uasset" 218
"../../../Engine/Plugins/Animation/ControlRig/Content/Controls/ControlRig_RoundedSquare_1mm.uexp" 219
"../../../Engine/Plugins/Animation/ControlRig/Content/Controls/ControlRig_QuarterCircle_solid.uasset" 220
"../../../Engine/Plugins/Animation/ControlRig/Content/Controls/ControlRig_QuarterCircle_solid.uexp" 221
"../../../Engine/Plugins/Animation/ControlRig/Content/Controls/ControlRig_QuarterCircle_3mm.uasset" 222
"../../../Engine/Plugins/Animation/ControlRig/Content/Controls/ControlRig_QuarterCircle_3mm.uexp" 223
"../../../Engine/Plugins/Animation/ControlRig/Content/Controls/ControlRig_QuarterCircle_1mm.uasset" 224
"../../../Engine/Plugins/Animation/ControlRig/Content/Controls/ControlRig_QuarterCircle_1mm.uexp" 225
"../../../Engine/Plugins/Animation/ControlRig/Content/Controls/ControlRig_Pyramid_solid.uasset" 226
"../../../Engine/Plugins/Animation/ControlRig/Content/Controls/ControlRig_Pyramid_solid.uexp" 227
"../../../Engine/Plugins/Animation/ControlRig/Content/Controls/ControlRig_Pyramid_3mm.uasset" 228
"../../../Engine/Plugins/Animation/ControlRig/Content/Controls/ControlRig_Pyramid_3mm.uexp" 229
"../../../Engine/Plugins/Animation/ControlRig/Content/Controls/ControlRig_Pyramid_1mm.uasset" 230
"../../../Engine/Plugins/Animation/ControlRig/Content/Controls/ControlRig_Pyramid_1mm.uexp" 231
"../../../Engine/Plugins/Animation/ControlRig/Content/Controls/ControlRig_Octagon_solid.uasset" 232
"../../../Engine/Plugins/Animation/ControlRig/Content/Controls/ControlRig_Octagon_solid.uexp" 233
"../../../Engine/Plugins/Animation/ControlRig/Content/Controls/ControlRig_Octagon_3mm.uasset" 234
"../../../Engine/Plugins/Animation/ControlRig/Content/Controls/ControlRig_Octagon_3mm.uexp" 235
"../../../Engine/Plugins/Animation/ControlRig/Content/Controls/ControlRig_Octagon_1mm.uasset" 236
"../../../Engine/Plugins/Animation/ControlRig/Content/Controls/ControlRig_Octagon_1mm.uexp" 237
"../../../Engine/Plugins/Animation/ControlRig/Content/Controls/ControlRig_Hexagon_solid.uasset" 238
"../../../Engine/Plugins/Animation/ControlRig/Content/Controls/ControlRig_Hexagon_solid.uexp" 239
"../../../Engine/Plugins/Animation/ControlRig/Content/Controls/ControlRig_Hexagon_3mm.uasset" 240
"../../../Engine/Plugins/Animation/ControlRig/Content/Controls/ControlRig_Hexagon_3mm.uexp" 241
"../../../Engine/Plugins/Animation/ControlRig/Content/Controls/ControlRig_Hexagon_1mm.uasset" 242
"../../../Engine/Plugins/Animation/ControlRig/Content/Controls/ControlRig_Hexagon_1mm.uexp" 243
"../../../Engine/Plugins/Animation/ControlRig/Content/Controls/ControlRig_HalfCircle_solid.uasset" 244
"../../../Engine/Plugins/Animation/ControlRig/Content/Controls/ControlRig_HalfCircle_solid.uexp" 245
"../../../Engine/Plugins/Animation/ControlRig/Content/Controls/ControlRig_HalfCircle_3mm.uasset" 246
"../../../Engine/Plugins/Animation/ControlRig/Content/Controls/ControlRig_HalfCircle_3mm.uexp" 247
"../../../Engine/Plugins/Animation/ControlRig/Content/Controls/ControlRig_HalfCircle_1mm.uasset" 248
"../../../Engine/Plugins/Animation/ControlRig/Content/Controls/ControlRig_HalfCircle_1mm.uexp" 249
"../../../Engine/Plugins/Animation/ControlRig/Content/Controls/ControlRig_Diamond_solid.uasset" 250
"../../../Engine/Plugins/Animation/ControlRig/Content/Controls/ControlRig_Diamond_solid.uexp" 251
"../../../Engine/Plugins/Animation/ControlRig/Content/Controls/ControlRig_Diamond_3mm.uasset" 252
"../../../Engine/Plugins/Animation/ControlRig/Content/Controls/ControlRig_Diamond_3mm.uexp" 253
"../../../Engine/Plugins/Animation/ControlRig/Content/Controls/ControlRig_Diamond_1mm.uasset" 254
"../../../Engine/Plugins/Animation/ControlRig/Content/Controls/ControlRig_Diamond_1mm.uexp" 255
"../../../Engine/Plugins/Animation/ControlRig/Content/Controls/ControlRig_Circle_solid.uasset" 256
"../../../Engine/Plugins/Animation/ControlRig/Content/Controls/ControlRig_Circle_solid.uexp" 257
"../../../Engine/Plugins/Animation/ControlRig/Content/Controls/ControlRig_Circle_3mm.uasset" 258
"../../../Engine/Plugins/Animation/ControlRig/Content/Controls/ControlRig_Circle_3mm.uexp" 259
"../../../Engine/Plugins/Animation/ControlRig/Content/Controls/ControlRig_Circle_1mm.uasset" 260
"../../../Engine/Plugins/Animation/ControlRig/Content/Controls/ControlRig_Circle_1mm.uexp" 261
"../../../Engine/Plugins/Animation/ControlRig/Content/Controls/ControlRig_Box_solid.uasset" 262
"../../../Engine/Plugins/Animation/ControlRig/Content/Controls/ControlRig_Box_solid.uexp" 263
"../../../Engine/Plugins/Animation/ControlRig/Content/Controls/ControlRig_Box_3mm.uasset" 264
"../../../Engine/Plugins/Animation/ControlRig/Content/Controls/ControlRig_Box_3mm.uexp" 265
"../../../Engine/Plugins/Animation/ControlRig/Content/Controls/ControlRig_Box_1mm.uasset" 266
"../../../Engine/Plugins/Animation/ControlRig/Content/Controls/ControlRig_Box_1mm.uexp" 267
"../../../Engine/Plugins/Animation/ControlRig/Content/Controls/ControlRig_Arrow_solid.uasset" 268
"../../../Engine/Plugins/Animation/ControlRig/Content/Controls/ControlRig_Arrow_solid.uexp" 269
"../../../Engine/Plugins/Animation/ControlRig/Content/Controls/ControlRig_Arrow_3mm.uasset" 270
"../../../Engine/Plugins/Animation/ControlRig/Content/Controls/ControlRig_Arrow_3mm.uexp" 271
"../../../Engine/Plugins/Animation/ControlRig/Content/Controls/ControlRig_Arrow_1mm.uasset" 272
"../../../Engine/Plugins/Animation/ControlRig/Content/Controls/ControlRig_Arrow_1mm.uexp" 273
"../../../Engine/Plugins/Animation/ControlRig/Content/Controls/ControlRig_Arrow4_solid.uasset" 274
"../../../Engine/Plugins/Animation/ControlRig/Content/Controls/ControlRig_Arrow4_solid.uexp" 275
"../../../Engine/Plugins/Animation/ControlRig/Content/Controls/ControlRig_Arrow4_3mm.uasset" 276
"../../../Engine/Plugins/Animation/ControlRig/Content/Controls/ControlRig_Arrow4_3mm.uexp" 277
"../../../Engine/Plugins/Animation/ControlRig/Content/Controls/ControlRig_Arrow4_1mm.uasset" 278
"../../../Engine/Plugins/Animation/ControlRig/Content/Controls/ControlRig_Arrow4_1mm.uexp" 279
"../../../Engine/Plugins/Animation/ControlRig/Content/Controls/ControlRig_Arrow2_solid.uasset" 280
"../../../Engine/Plugins/Animation/ControlRig/Content/Controls/ControlRig_Arrow2_solid.uexp" 281
"../../../Engine/Plugins/Animation/ControlRig/Content/Controls/ControlRig_Arrow2_3mm.uasset" 282
"../../../Engine/Plugins/Animation/ControlRig/Content/Controls/ControlRig_Arrow2_3mm.uexp" 283
"../../../Engine/Plugins/Animation/ControlRig/Content/Controls/ControlRig_Arrow2_1mm.uasset" 284
"../../../Engine/Plugins/Animation/ControlRig/Content/Controls/ControlRig_Arrow2_1mm.uexp" 285
"../../../Engine/Plugins/Animation/ControlRig/Content/Controls/ControlRigXRayMaterial.uasset" 286
"../../../Engine/Plugins/Animation/ControlRig/Content/Controls/ControlRigXRayMaterial.uexp" 287
"../../../Engine/Plugins/Animation/ControlRig/Content/Controls/ControlRigGizmoMaterial.uasset" 288
"../../../Engine/Plugins/Animation/ControlRig/Content/Controls/ControlRigGizmoMaterial.uexp" 289
"../../../Engine/Content/EngineSounds/Master.uasset" 290
"../../../Engine/Content/EngineSounds/Master.uexp" 291
"../../../Engine/Content/EngineResources/WhiteSquareTexture.uasset" 292
"../../../Engine/Content/EngineResources/WhiteSquareTexture.uexp" 293
"../../../Engine/Content/EngineMaterials/Widget3DPassThrough.uasset" 294
"../../../Engine/Content/EngineMaterials/Widget3DPassThrough.uexp" 295
"../../../Engine/Content/EngineMaterials/Widget3DPassThrough_Translucent.uasset" 296
"../../../Engine/Content/EngineMaterials/Widget3DPassThrough_Translucent.uexp" 297
"../../../Engine/Content/EngineMaterials/Widget3DPassThrough_Translucent_OneSided.uasset" 298
"../../../Engine/Content/EngineMaterials/Widget3DPassThrough_Translucent_OneSided.uexp" 299
"../../../Engine/Content/EngineMaterials/Widget3DPassThrough_Opaque.uasset" 300
"../../../Engine/Content/EngineMaterials/Widget3DPassThrough_Opaque.uexp" 301
"../../../Engine/Content/EngineMaterials/Widget3DPassThrough_Opaque_OneSided.uasset" 302
"../../../Engine/Content/EngineMaterials/Widget3DPassThrough_Opaque_OneSided.uexp" 303
"../../../Engine/Content/EngineMaterials/Widget3DPassThrough_Masked_OneSided.uasset" 304
"../../../Engine/Content/EngineMaterials/Widget3DPassThrough_Masked_OneSided.uexp" 305
"../../../Engine/Content/EngineMaterials/Widget3DPassThrough_Masked.uasset" 306
"../../../Engine/Content/EngineMaterials/Widget3DPassThrough_Masked.uexp" 307
"../../../Engine/Content/EngineMaterials/STBlueNoise_vec2_128x128x64.uasset" 308
"../../../Engine/Content/EngineMaterials/STBlueNoise_vec2_128x128x64.uexp" 309
"../../../Engine/Content/EngineMaterials/STBlueNoise_scalar_128x128x64.uasset" 310
"../../../Engine/Content/EngineMaterials/STBlueNoise_scalar_128x128x64.uexp" 311
"../../../Engine/Content/EngineMaterials/RemoveSurfaceMaterial.uasset" 312
"../../../Engine/Content/EngineMaterials/RemoveSurfaceMaterial.uexp" 313
"../../../Engine/Content/EngineMaterials/DefaultCalibrationGrayscale.uasset" 314
"../../../Engine/Content/EngineMaterials/DefaultCalibrationGrayscale.uexp" 315
"../../../Engine/Content/EngineMaterials/PPM_DefaultCalibrationGrayscale.uasset" 316
"../../../Engine/Content/EngineMaterials/PPM_DefaultCalibrationGrayscale.uexp" 317
"../../../Engine/Content/EngineMaterials/DefaultCalibrationColor.uasset" 318
"../../../Engine/Content/EngineMaterials/DefaultCalibrationColor.uexp" 319
"../../../Engine/Content/EngineMaterials/PPM_DefaultCalibrationColor.uasset" 320
"../../../Engine/Content/EngineMaterials/PPM_DefaultCalibrationColor.uexp" 321
"../../../Engine/Content/EngineMaterials/PhAT_JointLimitMaterial.uasset" 322
"../../../Engine/Content/EngineMaterials/PhAT_JointLimitMaterial.uexp" 323
"../../../Engine/Content/EngineMaterials/NaniteHiddenSectionMaterial.uasset" 324
"../../../Engine/Content/EngineMaterials/NaniteHiddenSectionMaterial.uexp" 325
"../../../Engine/Content/EngineMaterials/InvalidLightmapSettings.ubulk" 326
"../../../Engine/Content/EngineMaterials/InvalidLightmapSettings.uasset" 327
"../../../Engine/Content/EngineMaterials/InvalidLightmapSettings.uexp" 328
"../../../Engine/Content/EngineMaterials/M_InvalidLightmapSettings.uasset" 329
"../../../Engine/Content/EngineMaterials/M_InvalidLightmapSettings.uexp" 330
"../../../Engine/Content/EngineMaterials/GizmoMaterial.uasset" 331
"../../../Engine/Content/EngineMaterials/GizmoMaterial.uexp" 332
"../../../Engine/Content/EngineMaterials/BaseFlattenEmissiveMap_VT.uasset" 333
"../../../Engine/Content/EngineMaterials/BaseFlattenEmissiveMap_VT.uexp" 334
"../../../Engine/Content/EngineMaterials/BaseFlattenGrayscaleMap_VT.uasset" 335
"../../../Engine/Content/EngineMaterials/BaseFlattenGrayscaleMap_VT.uexp" 336
"../../../Engine/Content/EngineMaterials/BaseFlattenLinearColor_VT.uasset" 337
"../../../Engine/Content/EngineMaterials/BaseFlattenLinearColor_VT.uexp" 338
"../../../Engine/Content/EngineMaterials/Black_1x1_EXR_Texture_VT.uasset" 339
"../../../Engine/Content/EngineMaterials/Black_1x1_EXR_Texture_VT.uexp" 340
"../../../Engine/Content/EngineMaterials/BaseFlattenDiffuseMap_VT.uasset" 341
"../../../Engine/Content/EngineMaterials/BaseFlattenDiffuseMap_VT.uexp" 342
"../../../Engine/Content/EngineMaterials/BaseFlattenNormalMap_VT.uasset" 343
"../../../Engine/Content/EngineMaterials/BaseFlattenNormalMap_VT.uexp" 344
"../../../Engine/Content/EngineMaterials/FlattenMaterial_WS_Normal_VT.uasset" 345
"../../../Engine/Content/EngineMaterials/FlattenMaterial_WS_Normal_VT.uexp" 346
"../../../Engine/Content/EngineMaterials/FlattenMaterial_VT.uasset" 347
"../../../Engine/Content/EngineMaterials/FlattenMaterial_VT.uexp" 348
"../../../Engine/Content/EngineMaterials/BaseFlattenNormalMap.uasset" 349
"../../../Engine/Content/EngineMaterials/BaseFlattenNormalMap.uexp" 350
"../../../Engine/Content/EngineMaterials/BaseFlattenGrayscaleMap.uasset" 351
"../../../Engine/Content/EngineMaterials/BaseFlattenGrayscaleMap.uexp" 352
"../../../Engine/Content/EngineMaterials/BaseFlattenDiffuseMap.uasset" 353
"../../../Engine/Content/EngineMaterials/BaseFlattenDiffuseMap.uexp" 354
"../../../Engine/Content/Functions/Engine_MaterialFunctions02/PivotPainter2/Black_1x1_EXR_Texture.uasset" 355
"../../../Engine/Content/Functions/Engine_MaterialFunctions02/PivotPainter2/Black_1x1_EXR_Texture.uexp" 356
"../../../Engine/Content/EngineMaterials/BaseFlattenEmissiveMap.uasset" 357
"../../../Engine/Content/EngineMaterials/BaseFlattenEmissiveMap.uexp" 358
"../../../Engine/Content/EngineMaterials/BaseFlattenLinearColor.uasset" 359
"../../../Engine/Content/EngineMaterials/BaseFlattenLinearColor.uexp" 360
"../../../Engine/Content/EngineMaterials/FlattenMaterial.uasset" 361
"../../../Engine/Content/EngineMaterials/FlattenMaterial.uexp" 362
"../../../Engine/Content/EngineMaterials/DefaultWhiteGrid_Low.uasset" 363
"../../../Engine/Content/EngineMaterials/DefaultWhiteGrid_Low.uexp" 364
"../../../Engine/Content/EngineMaterials/EmissiveMeshMaterial.uasset" 365
"../../../Engine/Content/EngineMaterials/EmissiveMeshMaterial.uexp" 366
"../../../Engine/Content/EngineFonts/RobotoDistanceField.uasset" 367
"../../../Engine/Content/EngineFonts/RobotoDistanceField.uexp" 368
"../../../Engine/Content/EngineMaterials/DefaultTextMaterialOpaque.uasset" 369
"../../../Engine/Content/EngineMaterials/DefaultTextMaterialOpaque.uexp" 370
"../../../Engine/Content/EngineMaterials/DefaultDiffuse.ubulk" 371
"../../../Engine/Content/EngineMaterials/DefaultDiffuse.uasset" 372
"../../../Engine/Content/EngineMaterials/DefaultDiffuse.uexp" 373
"../../../Engine/Content/Functions/Engine_MaterialFunctions02/Utility/BreakOutFloat2Components.uasset" 374
"../../../Engine/Content/Functions/Engine_MaterialFunctions02/Utility/BreakOutFloat2Components.uexp" 375
"../../../Engine/Content/EngineMaterials/DefaultPostProcessMaterial.uasset" 376
"../../../Engine/Content/EngineMaterials/DefaultPostProcessMaterial.uexp" 377
"../../../Engine/Content/EngineMaterials/DefaultPhysicalMaterial.uasset" 378
"../../../Engine/Content/EngineMaterials/DefaultPhysicalMaterial.uexp" 379
"../../../Engine/Content/EngineMaterials/DefaultLightFunctionMaterial.uasset" 380
"../../../Engine/Content/EngineMaterials/DefaultLightFunctionMaterial.uexp" 381
"../../../Engine/Content/EngineMaterials/DefaultDestructiblePhysicalMaterial.uasset" 382
"../../../Engine/Content/EngineMaterials/DefaultDestructiblePhysicalMaterial.uexp" 383
"../../../Engine/Content/EngineMaterials/DefaultDeferredDecalMaterial.uasset" 384
"../../../Engine/Content/EngineMaterials/DefaultDeferredDecalMaterial.uexp" 385
"../../../Engine/Content/EngineMaterials/DefaultBloomKernel.uasset" 386
"../../../Engine/Content/EngineMaterials/DefaultBloomKernel.uexp" 387
"../../../Engine/Content/EngineFonts/Faces/RobotoLight.uexp" 388
"../../../Engine/Content/EngineFonts/Faces/RobotoLight.uasset" 389
"../../../Engine/Content/EngineFonts/Faces/RobotoLight.ufont" 390
"../../../Engine/Content/EngineFonts/Faces/RobotoBold.uexp" 391
"../../../Engine/Content/EngineFonts/Faces/RobotoBold.uasset" 392
"../../../Engine/Content/EngineFonts/Faces/RobotoBold.ufont" 393
"../../../Engine/Content/EngineFonts/Faces/RobotoRegular.uexp" 394
"../../../Engine/Content/EngineFonts/Faces/RobotoRegular.uasset" 395
"../../../Engine/Content/EngineFonts/Faces/RobotoRegular.ufont" 396
"../../../Engine/Content/EngineFonts/Faces/DroidSansFallback.uexp" 397
"../../../Engine/Content/EngineFonts/Faces/DroidSansFallback.uasset" 398
"../../../Engine/Content/EngineFonts/Faces/DroidSansFallback.ufont" 399
"../../../Engine/Content/EngineFonts/Faces/RobotoItalic.uexp" 400
"../../../Engine/Content/EngineFonts/Faces/RobotoItalic.uasset" 401
"../../../Engine/Content/EngineFonts/Faces/RobotoItalic.ufont" 402
"../../../Engine/Content/EngineFonts/Faces/RobotoBoldItalic.uexp" 403
"../../../Engine/Content/EngineFonts/Faces/RobotoBoldItalic.uasset" 404
"../../../Engine/Content/EngineFonts/Faces/RobotoBoldItalic.ufont" 405
"../../../Engine/Content/EngineFonts/Roboto.uasset" 406
"../../../Engine/Content/EngineFonts/Roboto.uexp" 407
"../../../Engine/Content/Functions/Engine_MaterialFunctions02/Utility/CameraDirectionVector.uasset" 408
"../../../Engine/Content/Functions/Engine_MaterialFunctions02/Utility/CameraDirectionVector.uexp" 409
"../../../Engine/Content/EngineDebugMaterials/VolumeToRender.uasset" 410
"../../../Engine/Content/EngineDebugMaterials/VolumeToRender.uexp" 411
"../../../Engine/Content/EngineDebugMaterials/M_VolumeRenderSphereTracePP.uasset" 412
"../../../Engine/Content/EngineDebugMaterials/M_VolumeRenderSphereTracePP.uexp" 413
"../../../Engine/Content/EngineDebugMaterials/M_SimpleUnlitTranslucent.uasset" 414
"../../../Engine/Content/EngineDebugMaterials/M_SimpleUnlitTranslucent.uexp" 415
"../../../Engine/Content/EngineDebugMaterials/DebugMeshMaterial.uasset" 416
"../../../Engine/Content/EngineDebugMaterials/DebugMeshMaterial.uexp" 417
"../../../Engine/Content/EngineDebugMaterials/DebugEditorMaterial.uasset" 418
"../../../Engine/Content/EngineDebugMaterials/DebugEditorMaterial.uexp" 419
"../../../Engine/Content/EngineDamageTypes/DmgTypeBP_Environmental.uasset" 420
"../../../Engine/Content/EngineDamageTypes/DmgTypeBP_Environmental.uexp" 421
"../../../Engine/Content/EditorResources/S_Terrain.ubulk" 422
"../../../Engine/Content/EditorResources/S_Terrain.uasset" 423
"../../../Engine/Content/EditorResources/S_Terrain.uexp" 424
"../../../Engine/Content/EditorResources/EmptyActor.uasset" 425
"../../../Engine/Content/EditorResources/EmptyActor.uexp" 426
"../../../Engine/Content/EditorResources/BSPVertex.uasset" 427
"../../../Engine/Content/EditorResources/BSPVertex.uexp" 428
"../../../Engine/Content/EditorMaterials/PreviewShadowIndicator.ubulk" 429
"../../../Engine/Content/EditorMaterials/PreviewShadowIndicator.uasset" 430
"../../../Engine/Content/EditorMaterials/PreviewShadowIndicator.uexp" 431
"../../../Engine/Content/EditorMaterials/PreviewShadowIndicatorMaterial.uasset" 432
"../../../Engine/Content/EditorMaterials/PreviewShadowIndicatorMaterial.uexp" 433
"../../../Engine/Content/EditorMaterials/PhAT_UnselectedMaterial.uasset" 434
"../../../Engine/Content/EditorMaterials/PhAT_UnselectedMaterial.uexp" 435
"../../../Engine/Content/EditorMaterials/PhAT_NoCollisionMaterial.uasset" 436
"../../../Engine/Content/EditorMaterials/PhAT_NoCollisionMaterial.uexp" 437
"../../../Engine/Content/EditorLandscapeResources/DefaultAlphaTexture.uasset" 438
"../../../Engine/Content/EditorLandscapeResources/DefaultAlphaTexture.uexp" 439
"../../../Engine/Content/EditorLandscapeResources/DataLayer.uasset" 440
"../../../Engine/Content/EditorLandscapeResources/DataLayer.uexp" 441
"../../../Engine/Content/EngineMaterials/DefaultMaterial.uasset" 442
"../../../Engine/Content/EngineMaterials/DefaultMaterial.uexp" 443
"../../../Engine/Content/BasicShapes/Sphere.uasset" 444
"../../../Engine/Content/BasicShapes/Sphere.uexp" 445
"../../../Engine/Content/BasicShapes/Plane.uasset" 446
"../../../Engine/Content/BasicShapes/Plane.uexp" 447
"../../../Engine/Content/BasicShapes/Cylinder.uasset" 448
"../../../Engine/Content/BasicShapes/Cylinder.uexp" 449
"../../../Engine/Content/BasicShapes/Cone.uasset" 450
"../../../Engine/Content/BasicShapes/Cone.uexp" 451
"D:/UE5_Projects/ToonTanks_2023/Content/Blueprints/CameraShake/BP_HitCameraShake.uasset" 452
"D:/UE5_Projects/ToonTanks_2023/Content/Blueprints/CameraShake/BP_HitCameraShake.uexp" 453
"D:/UE5_Projects/ToonTanks_2023/Content/Assets/Materials/M_ParticleBase.uasset" 454
"D:/UE5_Projects/ToonTanks_2023/Content/Assets/Materials/M_ParticleBase.uexp" 455
"D:/UE5_Projects/ToonTanks_2023/Content/Assets/Materials/M_Particle_Inst.uasset" 456
"D:/UE5_Projects/ToonTanks_2023/Content/Assets/Materials/M_Particle_Inst.uexp" 457
"D:/UE5_Projects/ToonTanks_2023/Content/Assets/Meshes/SM_Sphere.uasset" 458
"D:/UE5_Projects/ToonTanks_2023/Content/Assets/Meshes/SM_Sphere.uexp" 459
"D:/UE5_Projects/ToonTanks_2023/Content/Assets/Effects/P_ProjectileTrail.uasset" 460
"D:/UE5_Projects/ToonTanks_2023/Content/Assets/Effects/P_ProjectileTrail.uexp" 461
"D:/UE5_Projects/ToonTanks_2023/Content/Assets/Textures/T_ColourGrid.ubulk" 462
"D:/UE5_Projects/ToonTanks_2023/Content/Assets/Textures/T_ColourGrid.uasset" 463
"D:/UE5_Projects/ToonTanks_2023/Content/Assets/Textures/T_ColourGrid.uexp" 464
"D:/UE5_Projects/ToonTanks_2023/Content/Assets/Materials/M_TextureBase.uasset" 465
"D:/UE5_Projects/ToonTanks_2023/Content/Assets/Materials/M_TextureBase.uexp" 466
"D:/UE5_Projects/ToonTanks_2023/Content/Assets/Materials/M_Texture_Inst.uasset" 467
"D:/UE5_Projects/ToonTanks_2023/Content/Assets/Materials/M_Texture_Inst.uexp" 468
"D:/UE5_Projects/ToonTanks_2023/Content/Assets/Materials/M_EmissiveBase.uasset" 469
"D:/UE5_Projects/ToonTanks_2023/Content/Assets/Materials/M_EmissiveBase.uexp" 470
"D:/UE5_Projects/ToonTanks_2023/Content/Assets/Materials/M_EmissiveRed_Inst.uasset" 471
"D:/UE5_Projects/ToonTanks_2023/Content/Assets/Materials/M_EmissiveRed_Inst.uexp" 472
"D:/UE5_Projects/ToonTanks_2023/Content/Assets/Meshes/SM_Projectile.uasset" 473
"D:/UE5_Projects/ToonTanks_2023/Content/Assets/Meshes/SM_Projectile.uexp" 474
"D:/UE5_Projects/ToonTanks_2023/Content/Assets/Audio/Thud_Audio.ubulk" 475
"D:/UE5_Projects/ToonTanks_2023/Content/Assets/Audio/Thud_Audio.uasset" 476
"D:/UE5_Projects/ToonTanks_2023/Content/Assets/Audio/Thud_Audio.uexp" 477
"D:/UE5_Projects/ToonTanks_2023/Content/Assets/Effects/P_HitEffect.uasset" 478
"D:/UE5_Projects/ToonTanks_2023/Content/Assets/Effects/P_HitEffect.uexp" 479
"D:/UE5_Projects/ToonTanks_2023/Content/Blueprints/Projectiles/BP_Projectile.uasset" 480
"D:/UE5_Projects/ToonTanks_2023/Content/Blueprints/Projectiles/BP_Projectile.uexp" 481
"../../../Engine/Content/BasicShapes/Cube.uasset" 482
"../../../Engine/Content/BasicShapes/Cube.uexp" 483
"D:/UE5_Projects/ToonTanks_2023/Content/Assets/Effects/P_DeathEffect.uasset" 484
"D:/UE5_Projects/ToonTanks_2023/Content/Assets/Effects/P_DeathEffect.uexp" 485
"D:/UE5_Projects/ToonTanks_2023/Content/Assets/Audio/Explode_Audio.ubulk" 486
"D:/UE5_Projects/ToonTanks_2023/Content/Assets/Audio/Explode_Audio.uasset" 487
"D:/UE5_Projects/ToonTanks_2023/Content/Assets/Audio/Explode_Audio.uexp" 488
"D:/UE5_Projects/ToonTanks_2023/Content/Assets/Materials/M_EmissiveGreen_Inst.uasset" 489
"D:/UE5_Projects/ToonTanks_2023/Content/Assets/Materials/M_EmissiveGreen_Inst.uexp" 490
"D:/UE5_Projects/ToonTanks_2023/Content/Assets/Meshes/SM_TankBase.uasset" 491
"D:/UE5_Projects/ToonTanks_2023/Content/Assets/Meshes/SM_TankBase.uexp" 492
"D:/UE5_Projects/ToonTanks_2023/Content/Assets/Meshes/SM_TankTurret.uasset" 493
"D:/UE5_Projects/ToonTanks_2023/Content/Assets/Meshes/SM_TankTurret.uexp" 494
"D:/UE5_Projects/ToonTanks_2023/Content/Blueprints/Pawns/BP_PawnTank.uasset" 495
"D:/UE5_Projects/ToonTanks_2023/Content/Blueprints/Pawns/BP_PawnTank.uexp" 496
"D:/UE5_Projects/ToonTanks_2023/Content/Blueprints/Volume/RestartVolume.uasset" 497
"D:/UE5_Projects/ToonTanks_2023/Content/Blueprints/Volume/RestartVolume.uexp" 498
"../../../Engine/Content/MobileResources/HUD/VirtualJoystick_Background.uasset" 499
"../../../Engine/Content/MobileResources/HUD/VirtualJoystick_Background.uexp" 500
"../../../Engine/Content/MobileResources/HUD/VirtualJoystick_Thumb.uasset" 501
"../../../Engine/Content/MobileResources/HUD/VirtualJoystick_Thumb.uexp" 502
"../../../Engine/Content/MobileResources/HUD/DefaultVirtualJoysticks.uasset" 503
"../../../Engine/Content/MobileResources/HUD/DefaultVirtualJoysticks.uexp" 504
"../../../Engine/Content/EngineSky/VolumetricClouds/CloudWeatherTexture.uasset" 505
"../../../Engine/Content/EngineSky/VolumetricClouds/CloudWeatherTexture.uexp" 506
"../../../Engine/Content/Functions/Engine_MaterialFunctions02/Utility/MakeFloat2.uasset" 507
"../../../Engine/Content/Functions/Engine_MaterialFunctions02/Utility/MakeFloat2.uexp" 508
"../../../Engine/Content/EngineSky/VolumetricClouds/CloudGradientTexture.uasset" 509
"../../../Engine/Content/EngineSky/VolumetricClouds/CloudGradientTexture.uexp" 510
"../../../Engine/Content/EngineSky/VolumetricClouds/T_NoiseShape64.ubulk" 511
"../../../Engine/Content/EngineSky/VolumetricClouds/T_NoiseShape64.uasset" 512
"../../../Engine/Content/EngineSky/VolumetricClouds/T_NoiseShape64.uexp" 513
"../../../Engine/Content/EngineSky/VolumetricClouds/T_VolumeNoiseShape64.uasset" 514
"../../../Engine/Content/EngineSky/VolumetricClouds/T_VolumeNoiseShape64.uexp" 515
"../../../Engine/Content/EngineSky/VolumetricClouds/T_NoiseErosion.ubulk" 516
"../../../Engine/Content/EngineSky/VolumetricClouds/T_NoiseErosion.uasset" 517
"../../../Engine/Content/EngineSky/VolumetricClouds/T_NoiseErosion.uexp" 518
"../../../Engine/Content/EngineSky/VolumetricClouds/T_VolumeNoiseErosion32.uasset" 519
"../../../Engine/Content/EngineSky/VolumetricClouds/T_VolumeNoiseErosion32.uexp" 520
"../../../Engine/Content/EngineSky/VolumetricClouds/m_SimpleVolumetricCloud.uasset" 521
"../../../Engine/Content/EngineSky/VolumetricClouds/m_SimpleVolumetricCloud.uexp" 522
"../../../Engine/Content/EngineSky/VolumetricClouds/m_SimpleVolumetricCloud_Inst.uasset" 523
"../../../Engine/Content/EngineSky/VolumetricClouds/m_SimpleVolumetricCloud_Inst.uexp" 524
"../../../Engine/Content/EngineResources/FilmGrains/Marcie_Grain_v3_128_M2_000.uasset" 525
"../../../Engine/Content/EngineResources/FilmGrains/Marcie_Grain_v3_128_M2_000.uexp" 526
"../../../Engine/Content/EditorResources/SequenceRecorder/RecordingIndicator.uasset" 527
"../../../Engine/Content/EditorResources/SequenceRecorder/RecordingIndicator.uexp" 528
"../../../Engine/Content/EditorResources/SequenceRecorder/Countdown.uasset" 529
"../../../Engine/Content/EditorResources/SequenceRecorder/Countdown.uexp" 530
"../../../Engine/Content/EditorResources/LightIcons/S_LightError.uasset" 531
"../../../Engine/Content/EditorResources/LightIcons/S_LightError.uexp" 532
"../../../Engine/Content/Functions/Engine_MaterialFunctions01/Shading/PowerToRoughness.uasset" 533
"../../../Engine/Content/Functions/Engine_MaterialFunctions01/Shading/PowerToRoughness.uexp" 534
"../../../Engine/Content/Functions/Engine_MaterialFunctions01/Shading/ConvertFromDiffSpec.uasset" 535
"../../../Engine/Content/Functions/Engine_MaterialFunctions01/Shading/ConvertFromDiffSpec.uexp" 536
"D:/UE5_Projects/ToonTanks_2023/Content/Maps/Main_BuiltData.ubulk" 537
"D:/UE5_Projects/ToonTanks_2023/Content/Maps/Main_BuiltData.uasset" 538
"D:/UE5_Projects/ToonTanks_2023/Content/Maps/Main_BuiltData.uexp" 539
"D:/UE5_Projects/ToonTanks_2023/Content/Assets/Meshes/SM_TowerTurret.uasset" 540
"D:/UE5_Projects/ToonTanks_2023/Content/Assets/Meshes/SM_TowerTurret.uexp" 541
"D:/UE5_Projects/ToonTanks_2023/Content/Assets/Meshes/SM_TowerBase.uasset" 542
"D:/UE5_Projects/ToonTanks_2023/Content/Assets/Meshes/SM_TowerBase.uexp" 543
"D:/UE5_Projects/ToonTanks_2023/Content/Blueprints/CameraShake/BP_DeathCameraShake.uasset" 544
"D:/UE5_Projects/ToonTanks_2023/Content/Blueprints/CameraShake/BP_DeathCameraShake.uexp" 545
"D:/UE5_Projects/ToonTanks_2023/Content/Blueprints/Pawns/BP_PawnTurret.uasset" 546
"D:/UE5_Projects/ToonTanks_2023/Content/Blueprints/Pawns/BP_PawnTurret.uexp" 547
"../../../Engine/Content/EngineSky/C_Sky_Horizon_Color.uasset" 548
"../../../Engine/Content/EngineSky/C_Sky_Horizon_Color.uexp" 549
"../../../Engine/Content/EngineSky/T_Sky_Stars.ubulk" 550
"../../../Engine/Content/EngineSky/T_Sky_Stars.uasset" 551
"../../../Engine/Content/EngineSky/T_Sky_Stars.uexp" 552
"../../../Engine/Content/EngineSky/T_Sky_Clouds_M.ubulk" 553
"../../../Engine/Content/EngineSky/T_Sky_Clouds_M.uasset" 554
"../../../Engine/Content/EngineSky/T_Sky_Clouds_M.uexp" 555
"../../../Engine/Content/EngineSky/T_Sky_Blue.ubulk" 556
"../../../Engine/Content/EngineSky/T_Sky_Blue.uasset" 557
"../../../Engine/Content/EngineSky/T_Sky_Blue.uexp" 558
"../../../Engine/Content/EngineSky/M_Sky_Panning_Clouds2.uasset" 559
"../../../Engine/Content/EngineSky/M_Sky_Panning_Clouds2.uexp" 560
"../../../Engine/Content/EngineSky/SM_SkySphere.uasset" 561
"../../../Engine/Content/EngineSky/SM_SkySphere.uexp" 562
"../../../Engine/Content/EngineSky/C_Sky_Cloud_Color.uasset" 563
"../../../Engine/Content/EngineSky/C_Sky_Cloud_Color.uexp" 564
"../../../Engine/Content/EngineSky/C_Sky_Zenith_Color.uasset" 565
"../../../Engine/Content/EngineSky/C_Sky_Zenith_Color.uexp" 566
"../../../Engine/Content/EditorBlueprintResources/StandardMacros.uasset" 567
"../../../Engine/Content/EditorBlueprintResources/StandardMacros.uexp" 568
"../../../Engine/Content/EngineSky/BP_Sky_Sphere.uasset" 569
"../../../Engine/Content/EngineSky/BP_Sky_Sphere.uexp" 570
"../../../Engine/Content/MapTemplates/SM_Template_Map_Floor.uasset" 571
"../../../Engine/Content/MapTemplates/SM_Template_Map_Floor.uexp" 572
"D:/UE5_Projects/ToonTanks_2023/Content/Assets/Textures/T_BasicGrid_M.ubulk" 573
"D:/UE5_Projects/ToonTanks_2023/Content/Assets/Textures/T_BasicGrid_M.uasset" 574
"D:/UE5_Projects/ToonTanks_2023/Content/Assets/Textures/T_BasicGrid_M.uexp" 575
"../../../Engine/Content/Functions/Engine_MaterialFunctions02/Utility/MakeFloat3.uasset" 576
"../../../Engine/Content/Functions/Engine_MaterialFunctions02/Utility/MakeFloat3.uexp" 577
"D:/UE5_Projects/ToonTanks_2023/Content/Assets/Materials/Functions/Basic/MakeSet.uasset" 578
"D:/UE5_Projects/ToonTanks_2023/Content/Assets/Materials/Functions/Basic/MakeSet.uexp" 579
"D:/UE5_Projects/ToonTanks_2023/Content/Assets/Materials/Functions/Basic/BreakSet.uasset" 580
"D:/UE5_Projects/ToonTanks_2023/Content/Assets/Materials/Functions/Basic/BreakSet.uexp" 581
"D:/UE5_Projects/ToonTanks_2023/Content/Assets/Materials/Functions/Texture/Tex_SimpleGrid.uasset" 582
"D:/UE5_Projects/ToonTanks_2023/Content/Assets/Materials/Functions/Texture/Tex_SimpleGrid.uexp" 583
"../../../Engine/Content/Functions/Engine_MaterialFunctions02/Utility/Sign.uasset" 584
"../../../Engine/Content/Functions/Engine_MaterialFunctions02/Utility/Sign.uexp" 585
"D:/UE5_Projects/ToonTanks_2023/Content/Assets/Textures/T_BasicGrid_N.ubulk" 586
"D:/UE5_Projects/ToonTanks_2023/Content/Assets/Textures/T_BasicGrid_N.uasset" 587
"D:/UE5_Projects/ToonTanks_2023/Content/Assets/Textures/T_BasicGrid_N.uexp" 588
"../../../Engine/Content/Functions/Engine_MaterialFunctions02/Utility/Round.uasset" 589
"../../../Engine/Content/Functions/Engine_MaterialFunctions02/Utility/Round.uexp" 590
"D:/UE5_Projects/ToonTanks_2023/Content/Assets/Materials/Functions/Texture/Dye_SingleColor.uasset" 591
"D:/UE5_Projects/ToonTanks_2023/Content/Assets/Materials/Functions/Texture/Dye_SingleColor.uexp" 592
"D:/UE5_Projects/ToonTanks_2023/Content/Assets/Materials/Functions/UV/UV_SetupGrid.uasset" 593
"D:/UE5_Projects/ToonTanks_2023/Content/Assets/Materials/Functions/UV/UV_SetupGrid.uexp" 594
"D:/UE5_Projects/ToonTanks_2023/Content/Assets/Materials/Functions/UV/UV_ObjectScalable.uasset" 595
"D:/UE5_Projects/ToonTanks_2023/Content/Assets/Materials/Functions/UV/UV_ObjectScalable.uexp" 596
"D:/UE5_Projects/ToonTanks_2023/Content/Assets/Materials/Base/M_GridBase.uasset" 597
"D:/UE5_Projects/ToonTanks_2023/Content/Assets/Materials/Base/M_GridBase.uexp" 598
"D:/UE5_Projects/ToonTanks_2023/Content/Assets/Materials/Base/M_Grid_Inst.uasset" 599
"D:/UE5_Projects/ToonTanks_2023/Content/Assets/Materials/Base/M_Grid_Inst.uexp" 600
"D:/UE5_Projects/ToonTanks_2023/Content/Maps/Main.uexp" 601
"D:/UE5_Projects/ToonTanks_2023/Content/Maps/Main.umap" 602
"../../../Engine/Content/Maps/Entry_BuiltData.uasset" 603
"../../../Engine/Content/Maps/Entry_BuiltData.uexp" 604
"../../../Engine/Content/Maps/Entry.uexp" 605
"../../../Engine/Content/Maps/Entry.umap" 606
